[GIN-debug] [WARNING] Creating an Engine instance with the Logger and Recovery middleware already attached.

[GIN-debug] [WARNING] Running in "debug" mode. Switch to "release" mode in production.
 - using env:	export GIN_MODE=release
 - using code:	gin.SetMode(gin.ReleaseMode)

[GIN-debug] GET    /images/*filepath         --> github.com/gin-gonic/gin.(*RouterGroup).createStaticHandler.func1 (4 handlers)
[GIN-debug] HEAD   /images/*filepath         --> github.com/gin-gonic/gin.(*RouterGroup).createStaticHandler.func1 (4 handlers)
[GIN-debug] POST   /v1/login                 --> github.com/AdairHdz/OnTheWayRestAPI/ServicesLayer/controllers/loginController.Login.func1 (4 handlers)
[GIN-debug] POST   /v1/requesters/           --> github.com/AdairHdz/OnTheWayRestAPI/ServicesLayer/controllers/serviceRequesterController.RegisterServiceRequester.func1 (4 handlers)
[GIN-debug] GET    /v1/requesters/:requesterId --> github.com/AdairHdz/OnTheWayRestAPI/ServicesLayer/controllers/serviceRequesterController.FindServiceRequester.func1 (4 handlers)
[GIN-debug] PATCH  /v1/requesters/:requesterId --> github.com/AdairHdz/OnTheWayRestAPI/ServicesLayer/controllers/serviceRequesterController.UpdateServiceRequester.func1 (4 handlers)
[GIN-debug] POST   /v1/requesters/:requesterId/addresses --> github.com/AdairHdz/OnTheWayRestAPI/ServicesLayer/controllers/addressController.RegisterAddress.func1 (4 handlers)
[GIN-debug] GET    /v1/requesters/:requesterId/addresses --> github.com/AdairHdz/OnTheWayRestAPI/ServicesLayer/controllers/addressController.FindAllAddressesOfServiceRequester.func1 (4 handlers)
[GIN-debug] GET    /v1/requesters/:requesterId/requests --> github.com/AdairHdz/OnTheWayRestAPI/ServicesLayer/routes/requesters.Routes.func1 (4 handlers)
[GIN-debug] POST   /v1/providers/            --> github.com/AdairHdz/OnTheWayRestAPI/ServicesLayer/controllers/serviceProviderController.RegisterServiceProvider.func1 (4 handlers)
[GIN-debug] GET    /v1/providers/            --> github.com/AdairHdz/OnTheWayRestAPI/ServicesLayer/controllers/serviceProviderController.FindMatches.func1 (4 handlers)
[GIN-debug] GET    /v1/providers/:providerId --> github.com/AdairHdz/OnTheWayRestAPI/ServicesLayer/controllers/serviceProviderController.Find.func1 (4 handlers)
[GIN-debug] PATCH  /v1/providers/:providerId --> github.com/AdairHdz/OnTheWayRestAPI/ServicesLayer/controllers/serviceProviderController.Update.func1 (4 handlers)
[GIN-debug] PUT    /v1/providers/:providerId/image --> github.com/AdairHdz/OnTheWayRestAPI/ServicesLayer/controllers/serviceProviderController.UpdateServiceProviderImage.func1 (4 handlers)
[GIN-debug] POST   /v1/providers/:providerId/reviews --> github.com/AdairHdz/OnTheWayRestAPI/ServicesLayer/services/reviewManagementService.ReviewManagementService.Register.func1 (4 handlers)
[GIN-debug] GET    /v1/providers/:providerId/reviews --> github.com/AdairHdz/OnTheWayRestAPI/ServicesLayer/services/reviewManagementService.ReviewManagementService.Find.func1 (4 handlers)
[GIN-debug] POST   /v1/providers/:providerId/reviews/:reviewId/evidence --> github.com/AdairHdz/OnTheWayRestAPI/ServicesLayer/routes/providers.Routes.func1 (4 handlers)
[GIN-debug] POST   /v1/providers/:providerId/priceRates --> github.com/AdairHdz/OnTheWayRestAPI/ServicesLayer/services/priceRateManagementService.PriceRateManagementService.Register.func1 (4 handlers)
[GIN-debug] GET    /v1/providers/:providerId/priceRates --> github.com/AdairHdz/OnTheWayRestAPI/ServicesLayer/services/priceRateManagementService.PriceRateManagementService.FindAll.func1 (4 handlers)
[GIN-debug] DELETE /v1/providers/:providerId/priceRates/:priceRateId --> github.com/AdairHdz/OnTheWayRestAPI/ServicesLayer/services/priceRateManagementService.PriceRateManagementService.Delete.func1 (4 handlers)
[GIN-debug] GET    /v1/providers/:providerId/requests --> github.com/AdairHdz/OnTheWayRestAPI/ServicesLayer/routes/providers.Routes.func2 (4 handlers)
[GIN-debug] GET    /v1/states/               --> github.com/AdairHdz/OnTheWayRestAPI/ServicesLayer/routes/states.Routes.func1 (4 handlers)
[GIN-debug] GET    /v1/states/:stateId/cities --> github.com/AdairHdz/OnTheWayRestAPI/ServicesLayer/routes/states.Routes.func2 (4 handlers)
[GIN-debug] POST   /v1/requests/             --> github.com/AdairHdz/OnTheWayRestAPI/ServicesLayer/services/serviceRequestManagementService.ServiceRequestManagementService.Register.func1 (4 handlers)
[GIN-debug] GET    /v1/requests/:serviceRequestId --> github.com/AdairHdz/OnTheWayRestAPI/ServicesLayer/services/serviceRequestManagementService.ServiceRequestManagementService.Find.func1 (4 handlers)
[GIN-debug] PATCH  /v1/requests/:serviceRequestId --> github.com/AdairHdz/OnTheWayRestAPI/ServicesLayer/services/serviceRequestManagementService.ServiceRequestManagementService.Update.func1 (4 handlers)
[GIN-debug] Listening and serving HTTP on 0.0.0.0:8080
192.168.100.41 - [16 May 21 21:27 CDT] PUT /v1/providers/16b9a643-b605-4e07-b128-d8f1528bc50e/image 200 399.9108ms
[GIN] 2021/05/16 - 21:27:18 | 200 |    402.1069ms |  192.168.100.41 | PUT      "/v1/providers/16b9a643-b605-4e07-b128-d8f1528bc50e/image"
192.168.100.41 - [16 May 21 21:30 CDT] GET /v1/providers/16b9a643-b605-4e07-b128-d8f1528bc50e 200 5.3265ms
[GIN] 2021/05/16 - 21:30:08 | 200 |      5.8766ms |  192.168.100.41 | GET      "/v1/providers/16b9a643-b605-4e07-b128-d8f1528bc50e"
